<?xml version="1.0" encoding="UTF-8" ?>
<testsuite errors="0" failures="1" hostname="laptop-PC" name="com.xaviar.domain.ActionTypeTests" tests="1" time="1.047" timestamp="2013-08-05T04:19:41">
  <properties />
  <testcase classname="com.xaviar.domain.ActionTypeTests" name="testSomething" time="0.828">
    <failure message="junit.framework.AssertionFailedError: Implement me" type="junit.framework.AssertionFailedError">junit.framework.AssertionFailedError: junit.framework.AssertionFailedError: Implement me
	at com.xaviar.domain.ActionTypeTests.testSomething(ActionTypeTests.groovy:15)
</failure>
  </testcase>
  <system-out><![CDATA[--Output from testSomething--
]]></system-out>
  <system-err><![CDATA[--Output from testSomething--
]]></system-err>
</testsuite>
