<?xml version="1.0" encoding="UTF-8" ?>
<testsuite errors="0" failures="1" hostname="laptop-PC" name="com.xaviar.BaseControllerTests" tests="1" time="4.026" timestamp="2013-08-05T04:19:37">
  <properties />
  <testcase classname="com.xaviar.BaseControllerTests" name="testSomething" time="3.542">
    <failure message="junit.framework.AssertionFailedError: Implement me" type="junit.framework.AssertionFailedError">junit.framework.AssertionFailedError: junit.framework.AssertionFailedError: Implement me
	at com.xaviar.BaseControllerTests.testSomething(BaseControllerTests.groovy:15)
</failure>
  </testcase>
  <system-out><![CDATA[--Output from testSomething--
]]></system-out>
  <system-err><![CDATA[--Output from testSomething--
]]></system-err>
</testsuite>
