<?xml version="1.0" encoding="UTF-8" ?>
<testsuite errors="0" failures="1" hostname="laptop-PC" name="com.xaviar.domain.TokenTests" tests="1" time="0.49" timestamp="2013-08-05T04:19:45">
  <properties />
  <testcase classname="com.xaviar.domain.TokenTests" name="testSomething" time="0.257">
    <failure message="junit.framework.AssertionFailedError: Implement me" type="junit.framework.AssertionFailedError">junit.framework.AssertionFailedError: junit.framework.AssertionFailedError: Implement me
	at com.xaviar.domain.TokenTests.testSomething(TokenTests.groovy:15)
</failure>
  </testcase>
  <system-out><![CDATA[--Output from testSomething--
]]></system-out>
  <system-err><![CDATA[--Output from testSomething--
]]></system-err>
</testsuite>
