<?xml version="1.0" encoding="UTF-8" ?>
<testsuite errors="0" failures="1" hostname="laptop-PC" name="xaviar.server.HomeControllerTests" tests="1" time="0.407" timestamp="2013-08-05T04:19:50">
  <properties />
  <testcase classname="xaviar.server.HomeControllerTests" name="testSomething" time="0.403">
    <failure message="junit.framework.AssertionFailedError: Implement me" type="junit.framework.AssertionFailedError">junit.framework.AssertionFailedError: junit.framework.AssertionFailedError: Implement me
	at xaviar.server.HomeControllerTests.testSomething(HomeControllerTests.groovy:15)
</failure>
  </testcase>
  <system-out><![CDATA[--Output from testSomething--
]]></system-out>
  <system-err><![CDATA[--Output from testSomething--
]]></system-err>
</testsuite>
