<?xml version="1.0" encoding="UTF-8" ?>
<testsuite errors="0" failures="1" hostname="laptop-PC" name="com.xaviar.service.SmsEventServiceTests" tests="1" time="0.249" timestamp="2013-08-05T04:19:48">
  <properties />
  <testcase classname="com.xaviar.service.SmsEventServiceTests" name="testSomething" time="0.085">
    <failure message="junit.framework.AssertionFailedError: Implement me" type="junit.framework.AssertionFailedError">junit.framework.AssertionFailedError: junit.framework.AssertionFailedError: Implement me
	at com.xaviar.service.SmsEventServiceTests.testSomething(SmsEventServiceTests.groovy:15)
</failure>
  </testcase>
  <system-out><![CDATA[--Output from testSomething--
]]></system-out>
  <system-err><![CDATA[--Output from testSomething--
]]></system-err>
</testsuite>
